# JRE version: Java(TM) SE Runtime Environment (21.0.8+12) (build 21.0.8+12-LTS-250)
# Java VM: Java HotSpot(TM) 64-Bit Server VM (21.0.8+12-LTS-250, mixed mode, sharing, tiered, compressed oops, compressed class ptrs, g1 gc, linux-amd64)
GC Precious Log:
 CardTable entry size: 512
 Card Set container configuration: InlinePtr #cards 5 size 8 Array Of Cards #cards 12 size 40 Howl #buckets 4 coarsen threshold 1843 Howl Bitmap #cards 512 size 80 coarsen threshold 460 Card regions per heap region 1 cards per card region 2048
 CPUs: 4 total, 2 available
 Memory: 1957M
 Large Page Support: Disabled
 NUMA Support: Disabled
 Compressed Oops: Enabled (32-bit)
 Heap Region Size: 1M
 Heap Min Capacity: 8M
 Heap Initial Capacity: 8M
 Heap Max Capacity: 490M
 Pre-touch: Disabled
 Parallel Workers: 2
 Concurrent Workers: 1
 Concurrent Refinement Workers: 2
 Periodic GC: Disabled
Heap:
 garbage-first heap   total 28672K, used 10798K [0x00000000e1600000, 0x0000000100000000)
  region size 1024K, 6 young (6144K), 1 survivors (1024K)
 Metaspace       used 10573K, committed 10816K, reserved 1114112K
  class space    used 1201K, committed 1344K, reserved 1048576K
GC Heap History (18 events):
Event: 0.327 GC heap before
{Heap before GC invocations=0 (full 0):
 garbage-first heap   total 10240K, used 3126K [0x00000000e1600000, 0x0000000100000000)
  region size 1024K, 3 young (3072K), 0 survivors (0K)
 Metaspace       used 3118K, committed 3328K, reserved 1114112K
  class space    used 388K, committed 512K, reserved 1048576K
}
Event: 0.334 GC heap after
{Heap after GC invocations=1 (full 0):
 garbage-first heap   total 10240K, used 2102K [0x00000000e1600000, 0x0000000100000000)
  region size 1024K, 1 young (1024K), 1 survivors (1024K)
 Metaspace       used 3118K, committed 3328K, reserved 1114112K
  class space    used 388K, committed 512K, reserved 1048576K
}
Event: 0.609 GC heap before
{Heap before GC invocations=1 (full 0):
 garbage-first heap   total 10240K, used 3126K [0x00000000e1600000, 0x0000000100000000)
  region size 1024K, 3 young (3072K), 1 survivors (1024K)
 Metaspace       used 7645K, committed 7808K, reserved 1114112K
  class space    used 859K, committed 896K, reserved 1048576K
}
Event: 0.615 GC heap after
{Heap after GC invocations=2 (full 0):
 garbage-first heap   total 10240K, used 3063K [0x00000000e1600000, 0x0000000100000000)
  region size 1024K, 1 young (1024K), 1 survivors (1024K)
 Metaspace       used 7645K, committed 7808K, reserved 1114112K
  class space    used 859K, committed 896K, reserved 1048576K
}
Event: 0.680 GC heap before
{Heap before GC invocations=2 (full 0):
 garbage-first heap   total 10240K, used 3063K [0x00000000e1600000, 0x0000000100000000)
  region size 1024K, 2 young (2048K), 1 survivors (1024K)
 Metaspace       used 7988K, committed 8192K, reserved 1114112K
  class space    used 894K, committed 1024K, reserved 1048576K
}
Event: 0.686 GC heap after
{Heap after GC invocations=3 (full 0):
 garbage-first heap   total 10240K, used 3358K [0x00000000e1600000, 0x0000000100000000)
  region size 1024K, 1 young (1024K), 1 survivors (1024K)
 Metaspace       used 7988K, committed 8192K, reserved 1114112K
  class space    used 894K, committed 1024K, reserved 1048576K
}
Event: 0.769 GC heap before
{Heap before GC invocations=3 (full 0):
 garbage-first heap   total 10240K, used 4382K [0x00000000e1600000, 0x0000000100000000)
  region size 1024K, 2 young (2048K), 1 survivors (1024K)
 Metaspace       used 8189K, committed 8384K, reserved 1114112K
  class space    used 921K, committed 1024K, reserved 1048576K
}
Event: 0.773 GC heap after
{Heap after GC invocations=4 (full 0):
 garbage-first heap   total 10240K, used 3732K [0x00000000e1600000, 0x0000000100000000)
  region size 1024K, 1 young (1024K), 1 survivors (1024K)
 Metaspace       used 8189K, committed 8384K, reserved 1114112K
  class space    used 921K, committed 1024K, reserved 1048576K
}
Event: 0.933 GC heap before
{Heap before GC invocations=5 (full 0):
 garbage-first heap   total 10240K, used 5780K [0x00000000e1600000, 0x0000000100000000)
  region size 1024K, 3 young (3072K), 1 survivors (1024K)
 Metaspace       used 8703K, committed 8960K, reserved 1114112K
  class space    used 981K, committed 1088K, reserved 1048576K
}
Event: 0.941 GC heap after
{Heap after GC invocations=6 (full 0):
 garbage-first heap   total 14336K, used 4567K [0x00000000e1600000, 0x0000000100000000)
  region size 1024K, 1 young (1024K), 1 survivors (1024K)
 Metaspace       used 8703K, committed 8960K, reserved 1114112K
  class space    used 981K, committed 1088K, reserved 1048576K
}
Event: 1.030 GC heap before
{Heap before GC invocations=6 (full 0):
 garbage-first heap   total 14336K, used 7639K [0x00000000e1600000, 0x0000000100000000)
  region size 1024K, 4 young (4096K), 1 survivors (1024K)
 Metaspace       used 8904K, committed 9088K, reserved 1114112K
  class space    used 1002K, committed 1088K, reserved 1048576K
}
Event: 1.041 GC heap after
{Heap after GC invocations=7 (full 0):
 garbage-first heap   total 14336K, used 5180K [0x00000000e1600000, 0x0000000100000000)
  region size 1024K, 1 young (1024K), 1 survivors (1024K)
 Metaspace       used 8904K, committed 9088K, reserved 1114112K
  class space    used 1002K, committed 1088K, reserved 1048576K
}
Event: 1.181 GC heap before
{Heap before GC invocations=7 (full 0):
 garbage-first heap   total 14336K, used 8252K [0x00000000e1600000, 0x0000000100000000)
  region size 1024K, 4 young (4096K), 1 survivors (1024K)
 Metaspace       used 9106K, committed 9280K, reserved 1114112K
  class space    used 1022K, committed 1088K, reserved 1048576K
}
Event: 1.184 GC heap after
{Heap after GC invocations=8 (full 0):
 garbage-first heap   total 14336K, used 5455K [0x00000000e1600000, 0x0000000100000000)
  region size 1024K, 1 young (1024K), 1 survivors (1024K)
 Metaspace       used 9106K, committed 9280K, reserved 1114112K
  class space    used 1022K, committed 1088K, reserved 1048576K
}
Event: 1.217 GC heap before
{Heap before GC invocations=8 (full 0):
 garbage-first heap   total 14336K, used 9551K [0x00000000e1600000, 0x0000000100000000)
  region size 1024K, 5 young (5120K), 1 survivors (1024K)
 Metaspace       used 9109K, committed 9280K, reserved 1114112K
  class space    used 1022K, committed 1088K, reserved 1048576K
}
Event: 1.224 GC heap after
{Heap after GC invocations=9 (full 0):
 garbage-first heap   total 14336K, used 6059K [0x00000000e1600000, 0x0000000100000000)
  region size 1024K, 1 young (1024K), 1 survivors (1024K)
 Metaspace       used 9109K, committed 9280K, reserved 1114112K
  class space    used 1022K, committed 1088K, reserved 1048576K
}
Event: 1.390 GC heap before
{Heap before GC invocations=9 (full 0):
 garbage-first heap   total 14336K, used 10155K [0x00000000e1600000, 0x0000000100000000)
  region size 1024K, 5 young (5120K), 1 survivors (1024K)
 Metaspace       used 9534K, committed 9728K, reserved 1114112K
  class space    used 1086K, committed 1152K, reserved 1048576K
}
Event: 1.398 GC heap after
{Heap after GC invocations=10 (full 0):
 garbage-first heap   total 28672K, used 6702K [0x00000000e1600000, 0x0000000100000000)
  region size 1024K, 1 young (1024K), 1 survivors (1024K)
 Metaspace       used 9534K, committed 9728K, reserved 1114112K
  class space    used 1086K, committed 1152K, reserved 1048576K
}

