# JRE version: Java(TM) SE Runtime Environment (21.0.8+12) (build 21.0.8+12-LTS-250)
# Java VM: Java HotSpot(TM) 64-Bit Server VM (21.0.8+12-LTS-250, mixed mode, sharing, tiered, compressed oops, compressed class ptrs, g1 gc, linux-amd64)
GC Precious Log:
 CardTable entry size: 512
 Card Set container configuration: InlinePtr #cards 5 size 8 Array Of Cards #cards 12 size 40 Howl #buckets 4 coarsen threshold 1843 Howl Bitmap #cards 512 size 80 coarsen threshold 460 Card regions per heap region 1 cards per card region 2048
 CPUs: 4 total, 2 available
 Memory: 1957M
 Large Page Support: Disabled
 NUMA Support: Disabled
 Compressed Oops: Enabled (32-bit)
 Heap Region Size: 1M
 Heap Min Capacity: 8M
 Heap Initial Capacity: 8M
 Heap Max Capacity: 490M
 Pre-touch: Disabled
 Parallel Workers: 2
 Concurrent Workers: 1
 Concurrent Refinement Workers: 2
 Periodic GC: Disabled
Heap:
 garbage-first heap   total 14336K, used 10222K [0x00000000e1600000, 0x0000000100000000)
  region size 1024K, 5 young (5120K), 1 survivors (1024K)
 Metaspace       used 9864K, committed 10048K, reserved 1114112K
  class space    used 1121K, committed 1216K, reserved 1048576K
GC Heap History (19 events):
Event: 0.381 GC heap before
{Heap before GC invocations=0 (full 0):
 garbage-first heap   total 10240K, used 3126K [0x00000000e1600000, 0x0000000100000000)
  region size 1024K, 3 young (3072K), 0 survivors (0K)
 Metaspace       used 3126K, committed 3328K, reserved 1114112K
  class space    used 388K, committed 512K, reserved 1048576K
}
Event: 0.386 GC heap after
{Heap after GC invocations=1 (full 0):
 garbage-first heap   total 10240K, used 2086K [0x00000000e1600000, 0x0000000100000000)
  region size 1024K, 1 young (1024K), 1 survivors (1024K)
 Metaspace       used 3126K, committed 3328K, reserved 1114112K
  class space    used 388K, committed 512K, reserved 1048576K
}
Event: 0.644 GC heap before
{Heap before GC invocations=1 (full 0):
 garbage-first heap   total 10240K, used 3110K [0x00000000e1600000, 0x0000000100000000)
  region size 1024K, 3 young (3072K), 1 survivors (1024K)
 Metaspace       used 7682K, committed 7872K, reserved 1114112K
  class space    used 861K, committed 960K, reserved 1048576K
}
Event: 0.649 GC heap after
{Heap after GC invocations=2 (full 0):
 garbage-first heap   total 10240K, used 3053K [0x00000000e1600000, 0x0000000100000000)
  region size 1024K, 1 young (1024K), 1 survivors (1024K)
 Metaspace       used 7682K, committed 7872K, reserved 1114112K
  class space    used 861K, committed 960K, reserved 1048576K
}
Event: 0.702 GC heap before
{Heap before GC invocations=2 (full 0):
 garbage-first heap   total 10240K, used 4077K [0x00000000e1600000, 0x0000000100000000)
  region size 1024K, 2 young (2048K), 1 survivors (1024K)
 Metaspace       used 7989K, committed 8128K, reserved 1114112K
  class space    used 893K, committed 960K, reserved 1048576K
}
Event: 0.706 GC heap after
{Heap after GC invocations=3 (full 0):
 garbage-first heap   total 10240K, used 3474K [0x00000000e1600000, 0x0000000100000000)
  region size 1024K, 1 young (1024K), 1 survivors (1024K)
 Metaspace       used 7989K, committed 8128K, reserved 1114112K
  class space    used 893K, committed 960K, reserved 1048576K
}
Event: 0.769 GC heap before
{Heap before GC invocations=3 (full 0):
 garbage-first heap   total 10240K, used 4498K [0x00000000e1600000, 0x0000000100000000)
  region size 1024K, 2 young (2048K), 1 survivors (1024K)
 Metaspace       used 8177K, committed 8320K, reserved 1114112K
  class space    used 916K, committed 1024K, reserved 1048576K
}
Event: 0.774 GC heap after
{Heap after GC invocations=4 (full 0):
 garbage-first heap   total 10240K, used 3726K [0x00000000e1600000, 0x0000000100000000)
  region size 1024K, 1 young (1024K), 1 survivors (1024K)
 Metaspace       used 8177K, committed 8320K, reserved 1114112K
  class space    used 916K, committed 1024K, reserved 1048576K
}
Event: 0.942 GC heap before
{Heap before GC invocations=5 (full 0):
 garbage-first heap   total 10240K, used 5774K [0x00000000e1600000, 0x0000000100000000)
  region size 1024K, 3 young (3072K), 1 survivors (1024K)
 Metaspace       used 8810K, committed 8960K, reserved 1114112K
  class space    used 996K, committed 1088K, reserved 1048576K
}
Event: 0.948 GC heap after
{Heap after GC invocations=6 (full 0):
 garbage-first heap   total 10240K, used 4572K [0x00000000e1600000, 0x0000000100000000)
  region size 1024K, 1 young (1024K), 1 survivors (1024K)
 Metaspace       used 8810K, committed 8960K, reserved 1114112K
  class space    used 996K, committed 1088K, reserved 1048576K
}
Event: 0.978 GC heap before
{Heap before GC invocations=6 (full 0):
 garbage-first heap   total 10240K, used 5596K [0x00000000e1600000, 0x0000000100000000)
  region size 1024K, 2 young (2048K), 1 survivors (1024K)
 Metaspace       used 8836K, committed 8960K, reserved 1114112K
  class space    used 997K, committed 1088K, reserved 1048576K
}
Event: 0.981 GC heap after
{Heap after GC invocations=7 (full 0):
 garbage-first heap   total 14336K, used 4845K [0x00000000e1600000, 0x0000000100000000)
  region size 1024K, 1 young (1024K), 1 survivors (1024K)
 Metaspace       used 8836K, committed 8960K, reserved 1114112K
  class space    used 997K, committed 1088K, reserved 1048576K
}
Event: 1.083 GC heap before
{Heap before GC invocations=7 (full 0):
 garbage-first heap   total 14336K, used 7917K [0x00000000e1600000, 0x0000000100000000)
  region size 1024K, 4 young (4096K), 1 survivors (1024K)
 Metaspace       used 8967K, committed 9152K, reserved 1114112K
  class space    used 1007K, committed 1088K, reserved 1048576K
}
Event: 1.085 GC heap after
{Heap after GC invocations=8 (full 0):
 garbage-first heap   total 14336K, used 5100K [0x00000000e1600000, 0x0000000100000000)
  region size 1024K, 1 young (1024K), 1 survivors (1024K)
 Metaspace       used 8967K, committed 9152K, reserved 1114112K
  class space    used 1007K, committed 1088K, reserved 1048576K
}
Event: 1.119 GC heap before
{Heap before GC invocations=8 (full 0):
 garbage-first heap   total 14336K, used 8172K [0x00000000e1600000, 0x0000000100000000)
  region size 1024K, 4 young (4096K), 1 survivors (1024K)
 Metaspace       used 8986K, committed 9152K, reserved 1114112K
  class space    used 1007K, committed 1088K, reserved 1048576K
}
Event: 1.122 GC heap after
{Heap after GC invocations=9 (full 0):
 garbage-first heap   total 14336K, used 5622K [0x00000000e1600000, 0x0000000100000000)
  region size 1024K, 1 young (1024K), 1 survivors (1024K)
 Metaspace       used 8986K, committed 9152K, reserved 1114112K
  class space    used 1007K, committed 1088K, reserved 1048576K
}
Event: 1.187 GC heap before
{Heap before GC invocations=9 (full 0):
 garbage-first heap   total 14336K, used 9718K [0x00000000e1600000, 0x0000000100000000)
  region size 1024K, 5 young (5120K), 1 survivors (1024K)
 Metaspace       used 9160K, committed 9280K, reserved 1114112K
  class space    used 1030K, committed 1088K, reserved 1048576K
}
Event: 1.195 GC heap after
{Heap after GC invocations=10 (full 0):
 garbage-first heap   total 14336K, used 6126K [0x00000000e1600000, 0x0000000100000000)
  region size 1024K, 1 young (1024K), 1 survivors (1024K)
 Metaspace       used 9160K, committed 9280K, reserved 1114112K
  class space    used 1030K, committed 1088K, reserved 1048576K
}
Event: 1.421 GC heap before
{Heap before GC invocations=10 (full 0):
 garbage-first heap   total 14336K, used 9198K [0x00000000e1600000, 0x0000000100000000)
  region size 1024K, 5 young (5120K), 1 survivors (1024K)
 Metaspace       used 9864K, committed 10048K, reserved 1114112K
  class space    used 1121K, committed 1216K, reserved 1048576K
}

